Building DAG of jobs...
Using shell: /usr/bin/bash
Provided cores: 2
Rules claiming more threads will be scaled down.
Job counts:
	count	jobs
	1	all
	1	concatenate
	1	correct
	1	correct_hyphens
	4

[Fri Sep 25 13:49:13 2020]
rule concatenate:
    input: ocr/Image-0147_left_final.txt, ocr/Image-0147_right_final.txt, ocr/Image-0148_left_final.txt, ocr/Image-0148_right_final.txt
    output: result_ocr.txt
    jobid: 15

[Fri Sep 25 13:49:13 2020]
Finished job 15.
1 of 4 steps (25%) done

[Fri Sep 25 13:49:13 2020]
rule correct:
    input: result_ocr.txt
    output: untitled.txt
    jobid: 10

Removing temporary output file result_ocr.txt.
[Fri Sep 25 13:49:13 2020]
Finished job 10.
2 of 4 steps (50%) done

[Fri Sep 25 13:49:13 2020]
rule correct_hyphens:
    input: untitled.txt
    output: untitled_final.txt
    jobid: 5

Removing temporary output file untitled.txt.
[Fri Sep 25 13:49:14 2020]
Finished job 5.
3 of 4 steps (75%) done

[Fri Sep 25 13:49:14 2020]
localrule all:
    input: ocr/Image-0147_left_final.txt, ocr/Image-0147_right_final.txt, ocr/Image-0148_left_final.txt, ocr/Image-0148_right_final.txt, untitled_final.txt
    jobid: 0

[Fri Sep 25 13:49:14 2020]
Finished job 0.
4 of 4 steps (100%) done
Complete log: /home/yoann/software/scan2book/example/.snakemake/log/2020-09-25T134911.864174.snakemake.log
